This is pdfTeX, Version 3.14159-14f-released-20000525 (Web2C 7.3.1) (format=pdflatex 2002.12.11)  24 SEP 2003 13:21
**semweb
(semweb.tex{/usr/local/teTeX/texmf/pdftex/config/pdftex.cfg}
LaTeX2e <1999/12/01> patch level 1
Babel <v3.6Z> and hyphenation patterns for american, french, german, ngerman, d
utch, nohyphenation, loaded.
(/usr/local/teTeX/texmf/tex/latex/base/article.cls
Document Class: article 1999/09/10 v1.4a Standard LaTeX document class
(/usr/local/teTeX/texmf/tex/latex/base/size11.clo
File: size11.clo 1999/09/10 v1.4a Standard LaTeX file (size option)
)
\c@part=\count79
\c@section=\count80
\c@subsection=\count81
\c@subsubsection=\count82
\c@paragraph=\count83
\c@subparagraph=\count84
\c@figure=\count85
\c@table=\count86
\abovecaptionskip=\skip41
\belowcaptionskip=\skip42
\bibindent=\dimen102
)
(/staff/jan/lib/tex/macros/pl.sty
(/usr/local/teTeX/texmf/tex/latex/base/makeidx.sty
Package: makeidx 1999/09/17 v1.0l Standard LaTeX package
)
(/staff/jan/lib/tex/macros/url.sty
Package: url 1996/02/06  ver 1.1  Verb mode for urls, email addresses, and file
 names
)
(/usr/local/teTeX/texmf/tex/latex/hyperref/hyperref.sty
Package: hyperref 2000/05/08 v6.70f Hypertext links for LaTeX

(/usr/local/teTeX/texmf/tex/latex/graphics/keyval.sty
Package: keyval 1999/03/16 v1.13 key=value parser (DPC)
\KV@toks@=\toks14
)
\@linkdim=\dimen103
\Hy@linkcounter=\count87
\Hy@pagecounter=\count88

(/usr/local/teTeX/texmf/tex/latex/hyperref/pd1enc.def
File: pd1enc.def 2000/05/08 v6.70f Hyperref: PDFDocEncoding definition (HO)
)
Package hyperref Info: Option `colorlinks' set `true' on input line 1478.
Package hyperref Info: Bookmarks ON on input line 1536.
Package hyperref Info: Hyper figures OFF on input line 1555.
Package hyperref Info: Link nesting OFF on input line 1560.
Package hyperref Info: Hyper index ON on input line 1563.
Package hyperref Info: Plain pages ON on input line 1568.
Package hyperref Info: Backreferencing OFF on input line 1575.

Implicit mode ON; LaTeX internals redefined
\Fld@menulength=\count89
\Field@Width=\dimen104
\Fld@charsize=\dimen105
\Choice@toks=\toks15
\Field@toks=\toks16
Package hyperref Info: Hyper figures OFF on input line 2206.
Package hyperref Info: Link nesting OFF on input line 2211.
Package hyperref Info: Hyper index ON on input line 2214.
Package hyperref Info: backreferencing OFF on input line 2221.
Package hyperref Info: Link coloring ON on input line 2224.
\c@Item=\count90
\c@Hfootnote=\count91
)
*hyperref using driver hpdftex*
(/usr/local/teTeX/texmf/tex/latex/hyperref/hpdftex.def
File: hpdftex.def 2000/05/08 v6.70f Hyperref driver for pdfTeX

(/usr/local/teTeX/texmf/tex/latex/psnfss/pifont.sty
Package: pifont 1999/03/29 PSNFSS v.7.2 Pi font support : S Rahtz
LaTeX Font Info:    Try loading font information for U+pzd on input line 63.

(/usr/local/teTeX/texmf/tex/latex/psnfss/upzd.fd
File: upzd.fd 1998/07/06 font definitions for U/pzd.
)
LaTeX Font Info:    Try loading font information for U+psy on input line 64.

(/usr/local/teTeX/texmf/tex/latex/psnfss/upsy.fd
File: upsy.fd 1998/07/06 font definitions for U/psy.
))
\Fld@listcount=\count92
\@outlinefile=\write3
)
(/usr/local/teTeX/texmf/tex/latex/graphics/graphicx.sty
Package: graphicx 1999/02/16 v1.0f Enhanced LaTeX Graphics (DPC,SPQR)

(/usr/local/teTeX/texmf/tex/latex/graphics/graphics.sty
Package: graphics 1999/02/16 v1.0l Standard LaTeX Graphics (DPC,SPQR)

(/usr/local/teTeX/texmf/tex/latex/graphics/trig.sty
Package: trig 1999/03/16 v1.09 sin cos tan (DPC)
)
(/usr/local/teTeX/texmf/tex/latex/config/graphics.cfg)
Package graphics Info: Driver file: pdftex.def on input line 80.

(/usr/local/teTeX/texmf/tex/latex/graphics/pdftex.def
File: pdftex.def 2000/05/31 v0.02v graphics/color for pdftex
\Gread@gobject=\count93
))
\Gin@req@height=\dimen106
\Gin@req@width=\dimen107
)
(/staff/jan/lib/tex/macros/logo.sty
(/usr/local/teTeX/texmf/tex/generic/misc/psfig.sty
\@unused=\write4
\ps@stream=\read1
\p@intvaluex=\dimen108
\p@intvaluey=\dimen109

psfig/tex 1.10-dvips
)) (/usr/local/teTeX/texmf/tex/latex/misc/a4wide.sty
Package: a4wide 1994/08/30

(/usr/local/teTeX/texmf/tex/latex/ntgclass/a4.sty
Package: a4 1999/03/03 v1.2f A4 based page layout
))
(/usr/local/teTeX/texmf/tex/latex/fancyheadings/fancyheadings.sty
\headrulewidth=\dimen110
\footrulewidth=\dimen111
\plainheadrulewidth=\dimen112
\plainfootrulewidth=\dimen113
\headwidth=\dimen114
\footruleskip=\dimen115
)
(/staff/jan/lib/tex/macros/fancychap.sty
\titlewidth=\dimen116
\titlenumwidth=\dimen117
)
(/usr/local/teTeX/texmf/tex/latex/tools/longtable.sty
Package: longtable 1998/05/13 v4.09 Multi-page Table package (DPC)
\LTleft=\skip43
\LTright=\skip44
\LTpre=\skip45
\LTpost=\skip46
\LTchunksize=\count94
\LTcapwidth=\dimen118
\LT@head=\box26
\LT@firsthead=\box27
\LT@foot=\box28
\LT@lastfoot=\box29
\LT@cols=\count95
\LT@rows=\count96
\c@LT@tables=\count97
\c@LT@chunks=\count98
\LT@p@ftn=\toks17
)
(/usr/local/teTeX/texmf/tex/latex/base/ifthen.sty
Package: ifthen 1999/09/10 v1.1b Standard LaTeX ifthen package (DPC)
)
(/usr/local/teTeX/texmf/tex/latex/tools/dcolumn.sty
Package: dcolumn 1999/07/05 v1.05 decimal alignment package (DPC)

(/usr/local/teTeX/texmf/tex/latex/tools/array.sty
Package: array 1998/05/13 v2.3m Tabular extension package (FMi)
\col@sep=\dimen119
\extrarowheight=\dimen120
\NC@list=\toks18
\extratabsurround=\skip47
\backup@length=\skip48
))
(/usr/local/teTeX/texmf/tex/latex/tools/calc.sty
Package: calc 1998/07/07 v4.1b Infix arithmetic (KKT,FJ)
\calc@Acount=\count99
\calc@Bcount=\count100
\calc@Adimen=\dimen121
\calc@Bdimen=\dimen122
\calc@Askip=\skip49
\calc@Bskip=\skip50
LaTeX Info: Redefining \setlength on input line 59.
LaTeX Info: Redefining \addtolength on input line 60.
\calc@denominator=\count101
)
LaTeX Font Info:    External font `cmex10' loaded for size
(Font)              <10.95> on input line 225.
LaTeX Font Info:    External font `cmex10' loaded for size
(Font)              <8> on input line 225.
LaTeX Font Info:    External font `cmex10' loaded for size
(Font)              <6> on input line 225.
\codeindent=\skip51
\tabDright=\skip52
\tabDleft=\skip53
)
(/staff/jan/lib/tex/macros/html.sty)
\@indexfile=\write5
\openout5 = `semweb.idx'.


Writing index file semweb.idx
(semweb.aux)
\openout1 = `semweb.aux'.

LaTeX Font Info:    Checking defaults for OML/cmm/m/it on input line 16.
LaTeX Font Info:    ... okay on input line 16.
LaTeX Font Info:    Checking defaults for T1/cmr/m/n on input line 16.
LaTeX Font Info:    ... okay on input line 16.
LaTeX Font Info:    Checking defaults for OT1/cmr/m/n on input line 16.
LaTeX Font Info:    ... okay on input line 16.
LaTeX Font Info:    Checking defaults for OMS/cmsy/m/n on input line 16.
LaTeX Font Info:    ... okay on input line 16.
LaTeX Font Info:    Checking defaults for OMX/cmex/m/n on input line 16.
LaTeX Font Info:    ... okay on input line 16.
LaTeX Font Info:    Checking defaults for U/cmr/m/n on input line 16.
LaTeX Font Info:    ... okay on input line 16.
LaTeX Font Info:    Checking defaults for PD1/pdf/m/n on input line 16.
LaTeX Font Info:    ... okay on input line 16.
 (/usr/local/teTeX/texmf/tex/latex/graphics/color.sty
Package: color 1999/02/16 v1.0i Standard LaTeX Color (DPC)

(/usr/local/teTeX/texmf/tex/latex/config/color.cfg)
Package color Info: Driver file: pdftex.def on input line 125.
)
Package hyperref Info: Link coloring ON on input line 16.

(/usr/local/teTeX/texmf/tex/latex/hyperref/nameref.sty
Package: nameref 2000/05/08 v2.18 Cross-referencing by name of section
\c@section@level=\count102
) (semweb.out)
(semweb.out)
\openout3 = `semweb.out'.

LaTeX Info: Redefining \ref on input line 16.
LaTeX Info: Redefining \pageref on input line 16.
 (/usr/local/teTeX/texmf/tex/context/base/supp-pdf.tex
(/usr/local/teTeX/texmf/tex/context/base/supp-mis.tex
loading : Context Support Macros / Missing
\protectiondepth=\count103
\scratchcounter=\count104
\scratchdimen=\dimen123
\scratchskip=\skip54
\scratchmuskip=\muskip10
\scratchbox=\box30
\scratchread=\read2
\scratchwrite=\write6
\nextbox=\box31
\nextdepth=\dimen124
\everyline=\toks19
\!!counta=\count105
\!!countb=\count106
\recursecounter=\count107
)
loading : Context Support Macros / PDF
\nofMPsegments=\count108
\nofMParguments=\count109
)
LaTeX Font Info:    External font `cmex10' loaded for size
(Font)              <12> on input line 25.
LaTeX Font Info:    External font `cmex10' loaded for size
(Font)              <7> on input line 30.
LaTeX Font Info:    External font `cmex10' loaded for size
(Font)              <5> on input line 30.
 [1

{/usr/local/teTeX/texmf/dvips/config/pdftex.map}]
No file semweb.toc.
\tf@toc=\write7
\openout7 = `semweb.toc'.

[2]
No file semweb.ind.
[3] (semweb.aux) ) 
Here is how much of TeX's memory you used:
 3190 strings out of 10482
 38893 string characters out of 191517
 90772 words of memory out of 263001
 6138 multiletter control sequences out of 10000+0
 10092 words of font info for 37 fonts, out of 400000 for 1000
 54 hyphenation exceptions out of 1000
 34i,6n,36p,241b,254s stack positions out of 300i,100n,500p,50000b,4000s

! pdfTeX warning (dest): name{subsection.6.6} has been referenced but does not 
exist, replaced by a fixed one

! pdfTeX warning (dest): name{subsection.6.5} has been referenced but does not 
exist, replaced by a fixed one

! pdfTeX warning (dest): name{subsection.6.4} has been referenced but does not 
exist, replaced by a fixed one

! pdfTeX warning (dest): name{subsection.6.3} has been referenced but does not 
exist, replaced by a fixed one

! pdfTeX warning (dest): name{subsection.6.2} has been referenced but does not 
exist, replaced by a fixed one

! pdfTeX warning (dest): name{subsection.6.1} has been referenced but does not 
exist, replaced by a fixed one

! pdfTeX warning (dest): name{section.6} has been referenced but does not exist
, replaced by a fixed one

! pdfTeX warning (dest): name{section.5} has been referenced but does not exist
, replaced by a fixed one

! pdfTeX warning (dest): name{subsection.4.3} has been referenced but does not 
exist, replaced by a fixed one

! pdfTeX warning (dest): name{subsection.4.2} has been referenced but does not 
exist, replaced by a fixed one

! pdfTeX warning (dest): name{subsection.4.1} has been referenced but does not 
exist, replaced by a fixed one

! pdfTeX warning (dest): name{section.4} has been referenced but does not exist
, replaced by a fixed one

! pdfTeX warning (dest): name{subsection.3.6} has been referenced but does not 
exist, replaced by a fixed one

! pdfTeX warning (dest): name{subsection.3.5} has been referenced but does not 
exist, replaced by a fixed one

! pdfTeX warning (dest): name{subsection.3.4} has been referenced but does not 
exist, replaced by a fixed one

! pdfTeX warning (dest): name{subsubsection.3.3.2} has been referenced but does
 not exist, replaced by a fixed one

! pdfTeX warning (dest): name{subsubsection.3.3.1} has been referenced but does
 not exist, replaced by a fixed one

! pdfTeX warning (dest): name{subsection.3.3} has been referenced but does not 
exist, replaced by a fixed one

! pdfTeX warning (dest): name{subsection.3.2} has been referenced but does not 
exist, replaced by a fixed one

! pdfTeX warning (dest): name{subsection.3.1} has been referenced but does not 
exist, replaced by a fixed one

</usr/local/teTeX/texmf/fonts/type1/bluesky/cm/cmbx12.pfb></usr/local/teTeX/tex
mf/fonts/type1/bluesky/cm/cmtt10.pfb></usr/local/teTeX/texmf/fonts/type1/bluesk
y/cm/cmr10.pfb></usr/local/teTeX/texmf/fonts/type1/bluesky/cm/cmbx10.pfb></usr/
local/teTeX/texmf/fonts/type1/bluesky/cm/cmtt12.pfb></usr/local/teTeX/texmf/fon
ts/type1/bluesky/cm/cmr12.pfb></usr/local/teTeX/texmf/fonts/type1/bluesky/cm/cm
r17.pfb>
Output written on semweb.pdf (3 pages, 52281 bytes).
